<?xml version="1.0" encoding="UTF-8"?>
<testsuite xmlns:xsi="http://www.w3.org/2001/XMLSchema-instance" xsi:schemaLocation="https://maven.apache.org/surefire/maven-surefire-plugin/xsd/surefire-test-report.xsd" name="emaitzakIpiniMockTest" time="0.854" tests="2" errors="1" skipped="0" failures="1">
  <properties>
[...]
</properties>
  <testcase name="test1" classname="emaitzakIpiniMockTest" time="0.812">
    <failure message="&#10;Wanted but not invoked:&#10;dataAccess.EmaitzakIpini(&#10;    &lt;Capturing argument&gt;&#10;);&#10;-&gt; at emaitzakIpiniMockTest.test1(emaitzakIpiniMockTest.java:42)&#10;Actually, there were zero interactions with this mock.&#10;" type="org.mockito.exceptions.verification.WantedButNotInvoked"><![CDATA[org.mockito.exceptions.verification.WantedButNotInvoked: 

Wanted but not invoked:
dataAccess.EmaitzakIpini(
    <Capturing argument>
);
-> at emaitzakIpiniMockTest.test1(emaitzakIpiniMockTest.java:42)
Actually, there were zero interactions with this mock.

	at emaitzakIpiniMockTest.test1(emaitzakIpiniMockTest.java:42)
]]></failure>
    <system-out><![CDATA[Creating DataAccess instance => isDatabaseLocal:false
Opening DataAccess instance => isDatabaseRemote: false
Creating BLFacadeImplementation instance [Server mode]
Deleting the DataBase
newDate: Sat Dec 17 00:00:00 CET 2022
newDate: Sat Dec 17 00:00:00 CET 2022
newDate: Sat Dec 17 00:00:00 CET 2022
newDate: Sat Dec 17 00:00:00 CET 2022
newDate: Sat Dec 17 00:00:00 CET 2022
newDate: Sat Dec 17 00:00:00 CET 2022
newDate: Sat Dec 17 00:00:00 CET 2022
newDate: Sat Dec 17 00:00:00 CET 2022
newDate: Sat Dec 17 00:00:00 CET 2022
newDate: Sat Dec 17 00:00:00 CET 2022
newDate: Thu Dec 01 00:00:00 CET 2022
newDate: Thu Dec 01 00:00:00 CET 2022
newDate: Thu Dec 01 00:00:00 CET 2022
newDate: Thu Dec 01 00:00:00 CET 2022
newDate: Thu Dec 01 00:00:00 CET 2022
newDate: Thu Dec 01 00:00:00 CET 2022
newDate: Sat Jan 28 00:00:00 CET 2023
newDate: Sat Jan 28 00:00:00 CET 2023
newDate: Sat Jan 28 00:00:00 CET 2023
newDate: Sat Jan 28 00:00:00 CET 2023
newDate: Fri Oct 21 00:00:00 CEST 2022
newDate: Sat Dec 17 00:00:00 CET 2022
newDate: Sat Dec 17 00:00:00 CET 2022
newDate: Sat Dec 17 00:00:00 CET 2022
newDate: Thu Dec 01 00:00:00 CET 2022
newDate: Thu Dec 01 00:00:00 CET 2022
newDate: Sat Dec 17 00:00:00 CET 2022
DiruaSartu
DiruaSartu
DiruaSartu
DiruaSartu
Db initialized
DataBase closed
newDate: Thu Feb 17 00:00:00 CET 2022
]]></system-out>
  </testcase>
  <testcase name="test2" classname="emaitzakIpiniMockTest" time="0.042">
    <error message="&#10;&apos;EmaitzakIpini&apos; is a *void method* and it *cannot* be stubbed with a *return value*!&#10;Voids are usually stubbed with Throwables:&#10;    doThrow(exception).when(mock).someVoidMethod();&#10;If you need to set the void method to do nothing you can use:&#10;    doNothing().when(mock).someVoidMethod();&#10;For more information, check out the javadocs for Mockito.doNothing().&#10;***&#10;If you&apos;re unsure why you&apos;re getting above error read on.&#10;Due to the nature of the syntax above problem might occur because:&#10;1. The method you are trying to stub is *overloaded*. Make sure you are calling the right overloaded version.&#10;2. Somewhere in your test you are stubbing *final methods*. Sorry, Mockito does not verify/stub final methods.&#10;3. A spy is stubbed using when(spy.foo()).then() syntax. It is safer to stub spies - &#10;   - with doReturn|Throw() family of methods. More in javadocs for Mockito.spy() method.&#10;4. Mocking methods declared on non-public parent classes is not supported.&#10;" type="org.mockito.exceptions.misusing.CannotStubVoidMethodWithReturnValue">org.mockito.exceptions.misusing.CannotStubVoidMethodWithReturnValue: 

'EmaitzakIpini' is a *void method* and it *cannot* be stubbed with a *return value*!
Voids are usually stubbed with Throwables:
    doThrow(exception).when(mock).someVoidMethod();
If you need to set the void method to do nothing you can use:
    doNothing().when(mock).someVoidMethod();
For more information, check out the javadocs for Mockito.doNothing().
***
If you're unsure why you're getting above error read on.
Due to the nature of the syntax above problem might occur because:
1. The method you are trying to stub is *overloaded*. Make sure you are calling the right overloaded version.
2. Somewhere in your test you are stubbing *final methods*. Sorry, Mockito does not verify/stub final methods.
3. A spy is stubbed using when(spy.foo()).then() syntax. It is safer to stub spies - 
   - with doReturn|Throw() family of methods. More in javadocs for Mockito.spy() method.
4. Mocking methods declared on non-public parent classes is not supported.

	at emaitzakIpiniMockTest.test2(emaitzakIpiniMockTest.java:57)
</error>
    <system-out><![CDATA[Creating DataAccess instance => isDatabaseLocal:false
Opening DataAccess instance => isDatabaseRemote: false
Creating BLFacadeImplementation instance [Server mode]
Deleting the DataBase
newDate: Sat Dec 17 00:00:00 CET 2022
newDate: Sat Dec 17 00:00:00 CET 2022
newDate: Sat Dec 17 00:00:00 CET 2022
newDate: Sat Dec 17 00:00:00 CET 2022
newDate: Sat Dec 17 00:00:00 CET 2022
newDate: Sat Dec 17 00:00:00 CET 2022
newDate: Sat Dec 17 00:00:00 CET 2022
newDate: Sat Dec 17 00:00:00 CET 2022
newDate: Sat Dec 17 00:00:00 CET 2022
newDate: Sat Dec 17 00:00:00 CET 2022
newDate: Thu Dec 01 00:00:00 CET 2022
newDate: Thu Dec 01 00:00:00 CET 2022
newDate: Thu Dec 01 00:00:00 CET 2022
newDate: Thu Dec 01 00:00:00 CET 2022
newDate: Thu Dec 01 00:00:00 CET 2022
newDate: Thu Dec 01 00:00:00 CET 2022
newDate: Sat Jan 28 00:00:00 CET 2023
newDate: Sat Jan 28 00:00:00 CET 2023
newDate: Sat Jan 28 00:00:00 CET 2023
newDate: Sat Jan 28 00:00:00 CET 2023
newDate: Fri Oct 21 00:00:00 CEST 2022
newDate: Sat Dec 17 00:00:00 CET 2022
newDate: Sat Dec 17 00:00:00 CET 2022
newDate: Sat Dec 17 00:00:00 CET 2022
newDate: Thu Dec 01 00:00:00 CET 2022
newDate: Thu Dec 01 00:00:00 CET 2022
newDate: Sat Dec 17 00:00:00 CET 2022
DataBase closed
newDate: Thu Feb 17 00:00:00 CET 2022
]]></system-out>
    <system-err><![CDATA[[ObjectDB 2.8.1] javax.persistence.RollbackException
Failed to commit transaction: Attempt to reuse an existing primary key value (domain.Event:1) (error 613)
	at com.objectdb.jpa.EMImpl.commit(EMImpl.java:289)
	at dataAccess.DataAccess.initializeDB(DataAccess.java:597)
	at businessLogic.BLFacadeImplementation.<init>(BLFacadeImplementation.java:43)
	at businessLogic.FactoryBusinessLogic.getBusinessLogic(FactoryBusinessLogic.java:32)
	at emaitzakIpiniMockTest.<init>(emaitzakIpiniMockTest.java:24)
	at java.base/jdk.internal.reflect.NativeConstructorAccessorImpl.newInstance0(Native Method)
	at java.base/jdk.internal.reflect.NativeConstructorAccessorImpl.newInstance(NativeConstructorAccessorImpl.java:64)
	at java.base/jdk.internal.reflect.DelegatingConstructorAccessorImpl.newInstance(DelegatingConstructorAccessorImpl.java:45)
	at java.base/java.lang.reflect.Constructor.newInstanceWithCaller(Constructor.java:500)
	at java.base/java.lang.reflect.Constructor.newInstance(Constructor.java:481)
	at org.junit.runners.BlockJUnit4ClassRunner.createTest(BlockJUnit4ClassRunner.java:250)
	at org.junit.runners.BlockJUnit4ClassRunner.createTest(BlockJUnit4ClassRunner.java:260)
	at org.junit.runners.BlockJUnit4ClassRunner$2.runReflectiveCall(BlockJUnit4ClassRunner.java:309)
	at org.junit.internal.runners.model.ReflectiveCallable.run(ReflectiveCallable.java:12)
	at org.junit.runners.BlockJUnit4ClassRunner.methodBlock(BlockJUnit4ClassRunner.java:306)
	at org.junit.runners.BlockJUnit4ClassRunner$1.evaluate(BlockJUnit4ClassRunner.java:100)
	at org.junit.runners.ParentRunner.runLeaf(ParentRunner.java:366)
	at org.junit.runners.BlockJUnit4ClassRunner.runChild(BlockJUnit4ClassRunner.java:103)
	at org.junit.runners.BlockJUnit4ClassRunner.runChild(BlockJUnit4ClassRunner.java:63)
	at org.junit.runners.ParentRunner$4.run(ParentRunner.java:331)
	at org.junit.runners.ParentRunner$1.schedule(ParentRunner.java:79)
	at org.junit.runners.ParentRunner.runChildren(ParentRunner.java:329)
	at org.junit.runners.ParentRunner.access$100(ParentRunner.java:66)
	at org.junit.runners.ParentRunner$2.evaluate(ParentRunner.java:293)
	at org.junit.runners.ParentRunner$3.evaluate(ParentRunner.java:306)
	at org.junit.runners.ParentRunner.run(ParentRunner.java:413)
	at org.apache.maven.surefire.junit4.JUnit4Provider.execute(JUnit4Provider.java:367)
	at org.apache.maven.surefire.junit4.JUnit4Provider.executeWithRerun(JUnit4Provider.java:274)
	at org.apache.maven.surefire.junit4.JUnit4Provider.executeTestSet(JUnit4Provider.java:238)
	at org.apache.maven.surefire.junit4.JUnit4Provider.invoke(JUnit4Provider.java:161)
	at org.apache.maven.surefire.booter.ForkedBooter.invokeProviderInSameClassLoader(ForkedBooter.java:290)
	at org.apache.maven.surefire.booter.ForkedBooter.runSuitesInProcess(ForkedBooter.java:242)
	at org.apache.maven.surefire.booter.ForkedBooter.main(ForkedBooter.java:121)
Caused by: javax.persistence.EntityExistsException: com.objectdb.o.UserException: Attempt to reuse an existing primary key value (domain.Event:1)
	at com.objectdb.o._EntityExistsException.a(_EntityExistsException.java:46)
	at com.objectdb.o.JPE.d(JPE.java:100)
	at com.objectdb.o.JPE.d(JPE.java:80)
	... 35 more
Caused by: com.objectdb.o.UserException: Attempt to reuse an existing primary key value (domain.Event:1)
	at com.objectdb.o.MSG.a(MSG.java:64)
	at com.objectdb.o.PPW.ad(PPW.java:209)
	at com.objectdb.o.PGW.ak(PGW.java:212)
	at com.objectdb.o.UPT.u(UPT.java:135)
	at com.objectdb.o.URT.g(URT.java:173)
	at com.objectdb.o.TSK.b(TSK.java:146)
	at com.objectdb.o.TSK.c(TSK.java:96)
	at com.objectdb.o.TSM.a(TSM.java:88)
	at com.objectdb.o.UTT.r(UTT.java:377)
	at com.objectdb.o.UTT.g(UTT.java:210)
	at com.objectdb.o.TSK.b(TSK.java:146)
	at com.objectdb.o.TSK.c(TSK.java:96)
	at com.objectdb.o.TSM.a(TSM.java:88)
	at com.objectdb.o.MST.ZR(MST.java:1437)
	at com.objectdb.o.WRA.ZR(WRA.java:398)
	at com.objectdb.o.WSM.ZR(WSM.java:186)
	at com.objectdb.o.OBM.aP(OBM.java:959)
	at com.objectdb.o.OBM.aS(OBM.java:859)
	at com.objectdb.o.OBM.aG(OBM.java:759)
	at com.objectdb.jpa.EMImpl.commit(EMImpl.java:286)
	... 32 more
]]></system-err>
  </testcase>
</testsuite>