<?xml version="1.0" encoding="UTF-8"?>
<testsuite xmlns:xsi="http://www.w3.org/2001/XMLSchema-instance" xsi:schemaLocation="https://maven.apache.org/surefire/maven-surefire-plugin/xsd/surefire-test-report.xsd" name="emaitzakIpiniMockTest" time="0.854" tests="2" errors="1" skipped="0" failures="1">
  <properties>
    <property name="java.runtime.name" value="OpenJDK Runtime Environment"/>
    <property name="java.vm.version" value="15.0.1+9-18"/>
    <property name="sun.boot.library.path" value="C:\Users\USER\.p2\pool\plugins\org.eclipse.justj.openjdk.hotspot.jre.full.win32.x86_64_15.0.1.v20201027-0507\jre\bin"/>
    <property name="maven.multiModuleProjectDirectory" value="C:\Users\USER\Escritorio\UNI\IS2\workspace\bets"/>
    <property name="java.vm.vendor" value="Oracle Corporation"/>
    <property name="java.vendor.url" value="https://java.oracle.com/"/>
    <property name="guice.disable.misplaced.annotation.check" value="true"/>
    <property name="path.separator" value=";"/>
    <property name="java.vm.name" value="OpenJDK 64-Bit Server VM"/>
    <property name="sun.os.patch.level" value=""/>
    <property name="user.script" value=""/>
    <property name="user.country" value="ES"/>
    <property name="sun.java.launcher" value="SUN_STANDARD"/>
    <property name="java.vm.specification.name" value="Java Virtual Machine Specification"/>
    <property name="user.dir" value="C:\Users\USER\Escritorio\UNI\IS2\workspace\bets"/>
    <property name="java.vm.compressedOopsMode" value="Zero based"/>
    <property name="java.runtime.version" value="15.0.1+9-18"/>
    <property name="os.arch" value="amd64"/>
    <property name="java.io.tmpdir" value="C:\Users\USER\AppData\Local\Temp\"/>
    <property name="line.separator" value="&#10;"/>
    <property name="java.vm.specification.vendor" value="Oracle Corporation"/>
    <property name="user.variant" value=""/>
    <property name="os.name" value="Windows 10"/>
    <property name="classworlds.conf" value="C:\Users\USER\Escritorio\UNI\IS2\workspace\.metadata\.plugins\org.eclipse.m2e.launching\launches\m2conf5142025214944511682.tmp"/>
    <property name="sun.jnu.encoding" value="Cp1252"/>
    <property name="java.library.path" value="C:\Users\USER\.p2\pool\plugins\org.eclipse.justj.openjdk.hotspot.jre.full.win32.x86_64_15.0.1.v20201027-0507\jre\bin;C:\Windows\Sun\Java\bin;C:\Windows\system32;C:\Windows;C:/Users/USER/.p2/pool/plugins/org.eclipse.justj.openjdk.hotspot.jre.full.win32.x86_64_15.0.1.v20201027-0507/jre/bin/server;C:/Users/USER/.p2/pool/plugins/org.eclipse.justj.openjdk.hotspot.jre.full.win32.x86_64_15.0.1.v20201027-0507/jre/bin;C:\Program Files (x86)\Common Files\Oracle\Java\javapath;C:\Program Files (x86)\VMware\VMware Player\bin\;C:\Program Files (x86)\Razer Chroma SDK\bin;C:\Program Files\Razer Chroma SDK\bin;C:\Program Files (x86)\Razer\ChromaBroadcast\bin;C:\Program Files\Razer\ChromaBroadcast\bin;C:\Windows\system32;C:\Windows;C:\Windows\System32\Wbem;C:\Windows\System32\WindowsPowerShell\v1.0\;C:\Windows\System32\OpenSSH\;C:\GNAT\2020\bin;C:\Program Files\MiKTeX\miktex\bin\x64\;C:\Program Files\Wolfram Research\WolframScript\;C:\Windows\system32\config\systemprofile\AppData\Local\Microsoft\WindowsApps;C:\Program Files\MATLAB\R2020b\bin;C:\Program Files\Git LFS;C:\Program Files (x86)\NVIDIA Corporation\PhysX\Common;C:\Program Files\NVIDIA Corporation\NVIDIA NvDLISR;C:\Program Files (x86)\dotnet\;C:\Program Files\nodejs\;C:\ProgramData\chocolatey\bin;C:\Program Files\Git\cmd;C:\Program Files\PuTTY\;C:\Users\USER\AppData\Local\Microsoft\WindowsApps;C:\Users\USER\AppData\Local\Programs\Microsoft VS Code\bin;C:\Users\USER\AppData\Roaming\npm;C:\Windows\System32;;."/>
    <property name="jdk.debug" value="release"/>
    <property name="java.class.version" value="59.0"/>
    <property name="java.specification.name" value="Java Platform API Specification"/>
    <property name="sun.management.compiler" value="HotSpot 64-Bit Tiered Compilers"/>
    <property name="os.version" value="10.0"/>
    <property name="user.home" value="C:\Users\USER"/>
    <property name="user.timezone" value="Europe/Madrid"/>
    <property name="file.encoding" value="Cp1252"/>
    <property name="java.specification.version" value="15"/>
    <property name="user.name" value="USER"/>
    <property name="java.class.path" value="C:\Users\USER\.p2\pool\plugins\org.eclipse.m2e.maven.runtime_1.16.0.20200610-1735\jars\plexus-classworlds-2.6.0.jar"/>
    <property name="java.vm.specification.version" value="15"/>
    <property name="sun.arch.data.model" value="64"/>
    <property name="sun.java.command" value="org.codehaus.plexus.classworlds.launcher.Launcher -B clean org.jacoco:jacoco-maven-plugin:prepare-agent org.jacoco:jacoco-maven-plugin:report install sonar:sonar"/>
    <property name="java.home" value="C:\Users\USER\.p2\pool\plugins\org.eclipse.justj.openjdk.hotspot.jre.full.win32.x86_64_15.0.1.v20201027-0507\jre"/>
    <property name="user.language" value="es"/>
    <property name="java.specification.vendor" value="Oracle Corporation"/>
    <property name="java.vm.info" value="mixed mode"/>
    <property name="java.version" value="15.0.1"/>
    <property name="java.vendor" value="Oracle Corporation"/>
    <property name="maven.home" value="C:\Users\USER\Escritorio\UNI\IS2\workspace\bets\EMBEDDED"/>
    <property name="file.separator" value="\"/>
    <property name="java.version.date" value="2020-10-20"/>
    <property name="java.vendor.url.bug" value="https://bugreport.java.com/bugreport/"/>
    <property name="sun.io.unicode.encoding" value="UnicodeLittle"/>
    <property name="sun.cpu.endian" value="little"/>
    <property name="sun.cpu.isalist" value="amd64"/>
  </properties>
  <testcase name="test1" classname="emaitzakIpiniMockTest" time="0.812">
    <failure message="&#10;Wanted but not invoked:&#10;dataAccess.EmaitzakIpini(&#10;    &lt;Capturing argument&gt;&#10;);&#10;-&gt; at emaitzakIpiniMockTest.test1(emaitzakIpiniMockTest.java:42)&#10;Actually, there were zero interactions with this mock.&#10;" type="org.mockito.exceptions.verification.WantedButNotInvoked"><![CDATA[org.mockito.exceptions.verification.WantedButNotInvoked: 

Wanted but not invoked:
dataAccess.EmaitzakIpini(
    <Capturing argument>
);
-> at emaitzakIpiniMockTest.test1(emaitzakIpiniMockTest.java:42)
Actually, there were zero interactions with this mock.

	at emaitzakIpiniMockTest.test1(emaitzakIpiniMockTest.java:42)
]]></failure>
    <system-out><![CDATA[Creating DataAccess instance => isDatabaseLocal:false
Opening DataAccess instance => isDatabaseRemote: false
Creating BLFacadeImplementation instance [Server mode]
Deleting the DataBase
newDate: Sat Dec 17 00:00:00 CET 2022
newDate: Sat Dec 17 00:00:00 CET 2022
newDate: Sat Dec 17 00:00:00 CET 2022
newDate: Sat Dec 17 00:00:00 CET 2022
newDate: Sat Dec 17 00:00:00 CET 2022
newDate: Sat Dec 17 00:00:00 CET 2022
newDate: Sat Dec 17 00:00:00 CET 2022
newDate: Sat Dec 17 00:00:00 CET 2022
newDate: Sat Dec 17 00:00:00 CET 2022
newDate: Sat Dec 17 00:00:00 CET 2022
newDate: Thu Dec 01 00:00:00 CET 2022
newDate: Thu Dec 01 00:00:00 CET 2022
newDate: Thu Dec 01 00:00:00 CET 2022
newDate: Thu Dec 01 00:00:00 CET 2022
newDate: Thu Dec 01 00:00:00 CET 2022
newDate: Thu Dec 01 00:00:00 CET 2022
newDate: Sat Jan 28 00:00:00 CET 2023
newDate: Sat Jan 28 00:00:00 CET 2023
newDate: Sat Jan 28 00:00:00 CET 2023
newDate: Sat Jan 28 00:00:00 CET 2023
newDate: Fri Oct 21 00:00:00 CEST 2022
newDate: Sat Dec 17 00:00:00 CET 2022
newDate: Sat Dec 17 00:00:00 CET 2022
newDate: Sat Dec 17 00:00:00 CET 2022
newDate: Thu Dec 01 00:00:00 CET 2022
newDate: Thu Dec 01 00:00:00 CET 2022
newDate: Sat Dec 17 00:00:00 CET 2022
DiruaSartu
DiruaSartu
DiruaSartu
DiruaSartu
Db initialized
DataBase closed
newDate: Thu Feb 17 00:00:00 CET 2022
]]></system-out>
  </testcase>
  <testcase name="test2" classname="emaitzakIpiniMockTest" time="0.042">
    <error message="&#10;&apos;EmaitzakIpini&apos; is a *void method* and it *cannot* be stubbed with a *return value*!&#10;Voids are usually stubbed with Throwables:&#10;    doThrow(exception).when(mock).someVoidMethod();&#10;If you need to set the void method to do nothing you can use:&#10;    doNothing().when(mock).someVoidMethod();&#10;For more information, check out the javadocs for Mockito.doNothing().&#10;***&#10;If you&apos;re unsure why you&apos;re getting above error read on.&#10;Due to the nature of the syntax above problem might occur because:&#10;1. The method you are trying to stub is *overloaded*. Make sure you are calling the right overloaded version.&#10;2. Somewhere in your test you are stubbing *final methods*. Sorry, Mockito does not verify/stub final methods.&#10;3. A spy is stubbed using when(spy.foo()).then() syntax. It is safer to stub spies - &#10;   - with doReturn|Throw() family of methods. More in javadocs for Mockito.spy() method.&#10;4. Mocking methods declared on non-public parent classes is not supported.&#10;" type="org.mockito.exceptions.misusing.CannotStubVoidMethodWithReturnValue">org.mockito.exceptions.misusing.CannotStubVoidMethodWithReturnValue: 

'EmaitzakIpini' is a *void method* and it *cannot* be stubbed with a *return value*!
Voids are usually stubbed with Throwables:
    doThrow(exception).when(mock).someVoidMethod();
If you need to set the void method to do nothing you can use:
    doNothing().when(mock).someVoidMethod();
For more information, check out the javadocs for Mockito.doNothing().
***
If you're unsure why you're getting above error read on.
Due to the nature of the syntax above problem might occur because:
1. The method you are trying to stub is *overloaded*. Make sure you are calling the right overloaded version.
2. Somewhere in your test you are stubbing *final methods*. Sorry, Mockito does not verify/stub final methods.
3. A spy is stubbed using when(spy.foo()).then() syntax. It is safer to stub spies - 
   - with doReturn|Throw() family of methods. More in javadocs for Mockito.spy() method.
4. Mocking methods declared on non-public parent classes is not supported.

	at emaitzakIpiniMockTest.test2(emaitzakIpiniMockTest.java:57)
</error>
    <system-out><![CDATA[Creating DataAccess instance => isDatabaseLocal:false
Opening DataAccess instance => isDatabaseRemote: false
Creating BLFacadeImplementation instance [Server mode]
Deleting the DataBase
newDate: Sat Dec 17 00:00:00 CET 2022
newDate: Sat Dec 17 00:00:00 CET 2022
newDate: Sat Dec 17 00:00:00 CET 2022
newDate: Sat Dec 17 00:00:00 CET 2022
newDate: Sat Dec 17 00:00:00 CET 2022
newDate: Sat Dec 17 00:00:00 CET 2022
newDate: Sat Dec 17 00:00:00 CET 2022
newDate: Sat Dec 17 00:00:00 CET 2022
newDate: Sat Dec 17 00:00:00 CET 2022
newDate: Sat Dec 17 00:00:00 CET 2022
newDate: Thu Dec 01 00:00:00 CET 2022
newDate: Thu Dec 01 00:00:00 CET 2022
newDate: Thu Dec 01 00:00:00 CET 2022
newDate: Thu Dec 01 00:00:00 CET 2022
newDate: Thu Dec 01 00:00:00 CET 2022
newDate: Thu Dec 01 00:00:00 CET 2022
newDate: Sat Jan 28 00:00:00 CET 2023
newDate: Sat Jan 28 00:00:00 CET 2023
newDate: Sat Jan 28 00:00:00 CET 2023
newDate: Sat Jan 28 00:00:00 CET 2023
newDate: Fri Oct 21 00:00:00 CEST 2022
newDate: Sat Dec 17 00:00:00 CET 2022
newDate: Sat Dec 17 00:00:00 CET 2022
newDate: Sat Dec 17 00:00:00 CET 2022
newDate: Thu Dec 01 00:00:00 CET 2022
newDate: Thu Dec 01 00:00:00 CET 2022
newDate: Sat Dec 17 00:00:00 CET 2022
DataBase closed
newDate: Thu Feb 17 00:00:00 CET 2022
]]></system-out>
    <system-err><![CDATA[[ObjectDB 2.8.1] javax.persistence.RollbackException
Failed to commit transaction: Attempt to reuse an existing primary key value (domain.Event:1) (error 613)
	at com.objectdb.jpa.EMImpl.commit(EMImpl.java:289)
	at dataAccess.DataAccess.initializeDB(DataAccess.java:597)
	at businessLogic.BLFacadeImplementation.<init>(BLFacadeImplementation.java:43)
	at businessLogic.FactoryBusinessLogic.getBusinessLogic(FactoryBusinessLogic.java:32)
	at emaitzakIpiniMockTest.<init>(emaitzakIpiniMockTest.java:24)
	at java.base/jdk.internal.reflect.NativeConstructorAccessorImpl.newInstance0(Native Method)
	at java.base/jdk.internal.reflect.NativeConstructorAccessorImpl.newInstance(NativeConstructorAccessorImpl.java:64)
	at java.base/jdk.internal.reflect.DelegatingConstructorAccessorImpl.newInstance(DelegatingConstructorAccessorImpl.java:45)
	at java.base/java.lang.reflect.Constructor.newInstanceWithCaller(Constructor.java:500)
	at java.base/java.lang.reflect.Constructor.newInstance(Constructor.java:481)
	at org.junit.runners.BlockJUnit4ClassRunner.createTest(BlockJUnit4ClassRunner.java:250)
	at org.junit.runners.BlockJUnit4ClassRunner.createTest(BlockJUnit4ClassRunner.java:260)
	at org.junit.runners.BlockJUnit4ClassRunner$2.runReflectiveCall(BlockJUnit4ClassRunner.java:309)
	at org.junit.internal.runners.model.ReflectiveCallable.run(ReflectiveCallable.java:12)
	at org.junit.runners.BlockJUnit4ClassRunner.methodBlock(BlockJUnit4ClassRunner.java:306)
	at org.junit.runners.BlockJUnit4ClassRunner$1.evaluate(BlockJUnit4ClassRunner.java:100)
	at org.junit.runners.ParentRunner.runLeaf(ParentRunner.java:366)
	at org.junit.runners.BlockJUnit4ClassRunner.runChild(BlockJUnit4ClassRunner.java:103)
	at org.junit.runners.BlockJUnit4ClassRunner.runChild(BlockJUnit4ClassRunner.java:63)
	at org.junit.runners.ParentRunner$4.run(ParentRunner.java:331)
	at org.junit.runners.ParentRunner$1.schedule(ParentRunner.java:79)
	at org.junit.runners.ParentRunner.runChildren(ParentRunner.java:329)
	at org.junit.runners.ParentRunner.access$100(ParentRunner.java:66)
	at org.junit.runners.ParentRunner$2.evaluate(ParentRunner.java:293)
	at org.junit.runners.ParentRunner$3.evaluate(ParentRunner.java:306)
	at org.junit.runners.ParentRunner.run(ParentRunner.java:413)
	at org.apache.maven.surefire.junit4.JUnit4Provider.execute(JUnit4Provider.java:367)
	at org.apache.maven.surefire.junit4.JUnit4Provider.executeWithRerun(JUnit4Provider.java:274)
	at org.apache.maven.surefire.junit4.JUnit4Provider.executeTestSet(JUnit4Provider.java:238)
	at org.apache.maven.surefire.junit4.JUnit4Provider.invoke(JUnit4Provider.java:161)
	at org.apache.maven.surefire.booter.ForkedBooter.invokeProviderInSameClassLoader(ForkedBooter.java:290)
	at org.apache.maven.surefire.booter.ForkedBooter.runSuitesInProcess(ForkedBooter.java:242)
	at org.apache.maven.surefire.booter.ForkedBooter.main(ForkedBooter.java:121)
Caused by: javax.persistence.EntityExistsException: com.objectdb.o.UserException: Attempt to reuse an existing primary key value (domain.Event:1)
	at com.objectdb.o._EntityExistsException.a(_EntityExistsException.java:46)
	at com.objectdb.o.JPE.d(JPE.java:100)
	at com.objectdb.o.JPE.d(JPE.java:80)
	... 35 more
Caused by: com.objectdb.o.UserException: Attempt to reuse an existing primary key value (domain.Event:1)
	at com.objectdb.o.MSG.a(MSG.java:64)
	at com.objectdb.o.PPW.ad(PPW.java:209)
	at com.objectdb.o.PGW.ak(PGW.java:212)
	at com.objectdb.o.UPT.u(UPT.java:135)
	at com.objectdb.o.URT.g(URT.java:173)
	at com.objectdb.o.TSK.b(TSK.java:146)
	at com.objectdb.o.TSK.c(TSK.java:96)
	at com.objectdb.o.TSM.a(TSM.java:88)
	at com.objectdb.o.UTT.r(UTT.java:377)
	at com.objectdb.o.UTT.g(UTT.java:210)
	at com.objectdb.o.TSK.b(TSK.java:146)
	at com.objectdb.o.TSK.c(TSK.java:96)
	at com.objectdb.o.TSM.a(TSM.java:88)
	at com.objectdb.o.MST.ZR(MST.java:1437)
	at com.objectdb.o.WRA.ZR(WRA.java:398)
	at com.objectdb.o.WSM.ZR(WSM.java:186)
	at com.objectdb.o.OBM.aP(OBM.java:959)
	at com.objectdb.o.OBM.aS(OBM.java:859)
	at com.objectdb.o.OBM.aG(OBM.java:759)
	at com.objectdb.jpa.EMImpl.commit(EMImpl.java:286)
	... 32 more
]]></system-err>
  </testcase>
</testsuite>